Building DAG of jobs...
Using shell: /usr/bin/bash
Provided cores: 8
Rules claiming more threads will be scaled down.
Job stats:
job            count
-----------  -------
all                1
make_report        1
total              2

Select jobs to execute...

[Tue Feb 24 23:02:57 2026]
rule make_report:
    output: PipelineReport.txt
    jobid: 1
    reason: Missing output files: PipelineReport.txt
    resources: tmpdir=/tmp

[Tue Feb 24 23:02:57 2026]
Finished job 1.
1 of 2 steps (50%) done
Select jobs to execute...

[Tue Feb 24 23:02:57 2026]
localrule all:
    input: PipelineReport.txt
    jobid: 0
    reason: Input files updated by another job: PipelineReport.txt
    resources: tmpdir=/tmp

[Tue Feb 24 23:02:57 2026]
Finished job 0.
2 of 2 steps (100%) done
Complete log: .snakemake/log/2026-02-24T230256.902824.snakemake.log
